[INFO] Scanning for projects...
[INFO] 
[INFO] -------------------------< com.hotel:backend >--------------------------
[INFO] Building backend 0.0.1-SNAPSHOT
[INFO]   from pom.xml
[INFO] --------------------------------[ jar ]---------------------------------
[INFO] 
[INFO] >>> spring-boot:3.2.5:run (default-cli) > test-compile @ backend >>>
[INFO] 
[INFO] --- resources:3.3.1:resources (default-resources) @ backend ---
[INFO] Copying 1 resource from src\main\resources to target\classes
[INFO] Copying 0 resource from src\main\resources to target\classes
[INFO] 
[INFO] --- compiler:3.11.0:compile (default-compile) @ backend ---
[INFO] Nothing to compile - all classes are up to date
[INFO] 
[INFO] --- resources:3.3.1:testResources (default-testResources) @ backend ---
[INFO] skip non existing resourceDirectory C:\Users\ngovo\OneDrive\M嫝 t璯h\DoAn\He-thong-quan-ly-khach-san\backend\src\test\resources
[INFO] 
[INFO] --- compiler:3.11.0:testCompile (default-testCompile) @ backend ---
[INFO] Nothing to compile - all classes are up to date
[INFO] 
[INFO] <<< spring-boot:3.2.5:run (default-cli) < test-compile @ backend <<<
[INFO] 
[INFO] 
[INFO] --- spring-boot:3.2.5:run (default-cli) @ backend ---
[INFO] Attaching agents: []

  .   ____          _            __ _ _
 /\\ / ___'_ __ _ _(_)_ __  __ _ \ \ \ \
( ( )\___ | '_ | '_| | '_ \/ _` | \ \ \ \
 \\/  ___)| |_)| | | | | || (_| |  ) ) ) )
  '  |____| .__|_| |_|_| |_\__, | / / / /
 =========|_|==============|___/=/_/_/_/
 :: Spring Boot ::                (v3.2.5)

2026-07-08T03:13:37.222+07:00  INFO 1920 --- [backend] [           main] com.hotel.BackendApplication             : Starting BackendApplication using Java 21.0.11 with PID 1920 (C:\Users\ngovo\OneDrive\M獺y t穩nh\DoAn\He-thong-quan-ly-khach-san\backend\target\classes started by ngovo in C:\Users\ngovo\OneDrive\M獺y t穩nh\DoAn\He-thong-quan-ly-khach-san\backend)
2026-07-08T03:13:37.227+07:00  INFO 1920 --- [backend] [           main] com.hotel.BackendApplication             : No active profile set, falling back to 1 default profile: "default"
2026-07-08T03:13:40.472+07:00  INFO 1920 --- [backend] [           main] .s.d.r.c.RepositoryConfigurationDelegate : Bootstrapping Spring Data JPA repositories in DEFAULT mode.
2026-07-08T03:13:40.855+07:00  INFO 1920 --- [backend] [           main] .s.d.r.c.RepositoryConfigurationDelegate : Finished Spring Data repository scanning in 362 ms. Found 14 JPA repository interfaces.
2026-07-08T03:13:42.638+07:00  INFO 1920 --- [backend] [           main] o.s.b.w.embedded.tomcat.TomcatWebServer  : Tomcat initialized with port 8080 (http)
2026-07-08T03:13:42.673+07:00  INFO 1920 --- [backend] [           main] o.apache.catalina.core.StandardService   : Starting service [Tomcat]
2026-07-08T03:13:42.673+07:00  INFO 1920 --- [backend] [           main] o.apache.catalina.core.StandardEngine    : Starting Servlet engine: [Apache Tomcat/10.1.20]
2026-07-08T03:13:42.882+07:00  INFO 1920 --- [backend] [           main] o.a.c.c.C.[Tomcat].[localhost].[/]       : Initializing Spring embedded WebApplicationContext
2026-07-08T03:13:42.889+07:00  INFO 1920 --- [backend] [           main] w.s.c.ServletWebServerApplicationContext : Root WebApplicationContext: initialization completed in 5474 ms
2026-07-08T03:13:43.538+07:00  INFO 1920 --- [backend] [           main] o.hibernate.jpa.internal.util.LogHelper  : HHH000204: Processing PersistenceUnitInfo [name: default]
2026-07-08T03:13:43.690+07:00  INFO 1920 --- [backend] [           main] org.hibernate.Version                    : HHH000412: Hibernate ORM core version 6.4.4.Final
2026-07-08T03:13:43.789+07:00  INFO 1920 --- [backend] [           main] o.h.c.internal.RegionFactoryInitiator    : HHH000026: Second-level cache disabled
2026-07-08T03:13:44.522+07:00  INFO 1920 --- [backend] [           main] o.s.o.j.p.SpringPersistenceUnitInfo      : No LoadTimeWeaver setup: ignoring JPA class transformer
2026-07-08T03:13:44.614+07:00  INFO 1920 --- [backend] [           main] com.zaxxer.hikari.HikariDataSource       : HikariPool-1 - Starting...
2026-07-08T03:13:45.776+07:00  INFO 1920 --- [backend] [           main] com.zaxxer.hikari.pool.HikariPool        : HikariPool-1 - Added connection ConnectionID:1 ClientConnectionId: e8313900-9b94-4cfa-8418-608e485c1688
2026-07-08T03:13:45.780+07:00  INFO 1920 --- [backend] [           main] com.zaxxer.hikari.HikariDataSource       : HikariPool-1 - Start completed.
2026-07-08T03:13:49.809+07:00  INFO 1920 --- [backend] [           main] o.h.e.t.j.p.i.JtaPlatformInitiator       : HHH000489: No JTA platform available (set 'hibernate.transaction.jta.platform' to enable JTA platform integration)
2026-07-08T03:13:53.221+07:00  INFO 1920 --- [backend] [           main] j.LocalContainerEntityManagerFactoryBean : Initialized JPA EntityManagerFactory for persistence unit 'default'
2026-07-08T03:13:54.526+07:00  INFO 1920 --- [backend] [           main] o.s.d.j.r.query.QueryEnhancerFactory     : Hibernate is in classpath; If applicable, HQL parser will be used.
2026-07-08T03:13:56.334+07:00  WARN 1920 --- [backend] [           main] JpaBaseConfiguration$JpaWebConfiguration : spring.jpa.open-in-view is enabled by default. Therefore, database queries may be performed during view rendering. Explicitly configure spring.jpa.open-in-view to disable this warning
2026-07-08T03:13:57.204+07:00  INFO 1920 --- [backend] [           main] o.s.s.web.DefaultSecurityFilterChain     : Will secure any request with [org.springframework.security.web.session.DisableEncodeUrlFilter@4f168322, org.springframework.security.web.context.request.async.WebAsyncManagerIntegrationFilter@411acaed, org.springframework.security.web.context.SecurityContextHolderFilter@5c2086b4, org.springframework.security.web.header.HeaderWriterFilter@55c3222d, org.springframework.web.filter.CorsFilter@d9e61f2, org.springframework.security.web.authentication.logout.LogoutFilter@7d07e6aa, com.hotel.security.JwtAuthFilter@5c8859b4, org.springframework.security.web.savedrequest.RequestCacheAwareFilter@23c2c96d, org.springframework.security.web.servletapi.SecurityContextHolderAwareRequestFilter@fac6d4a, org.springframework.security.web.authentication.AnonymousAuthenticationFilter@61f9cab2, org.springframework.security.web.session.SessionManagementFilter@57e74053, org.springframework.security.web.access.ExceptionTranslationFilter@207475a2, org.springframework.security.web.access.intercept.AuthorizationFilter@351aa7f]
2026-07-08T03:13:58.207+07:00  INFO 1920 --- [backend] [           main] o.s.b.w.embedded.tomcat.TomcatWebServer  : Tomcat started on port 8080 (http) with context path ''
2026-07-08T03:13:58.233+07:00  INFO 1920 --- [backend] [           main] com.hotel.BackendApplication             : Started BackendApplication in 22.06 seconds (process running for 23.29)
Hibernate: 
    select
        am1_0.id,
        am1_0.code,
        am1_0.name 
    from
        app_module am1_0 
    where
        am1_0.code=?
Hibernate: 
    select
        am1_0.id,
        am1_0.code,
        am1_0.name 
    from
        app_module am1_0 
    where
        am1_0.code=?
Hibernate: 
    select
        am1_0.id,
        am1_0.code,
        am1_0.name 
    from
        app_module am1_0 
    where
        am1_0.code=?
Hibernate: 
    select
        af1_0.id,
        af1_0.code,
        af1_0.icon,
        af1_0.module_id,
        af1_0.name,
        af1_0.sort_order,
        af1_0.url 
    from
        app_function af1_0 
    where
        af1_0.code=?
Hibernate: 
    select
        af1_0.id,
        af1_0.code,
        af1_0.icon,
        af1_0.module_id,
        af1_0.name,
        af1_0.sort_order,
        af1_0.url 
    from
        app_function af1_0 
    where
        af1_0.code=?
Hibernate: 
    select
        af1_0.id,
        af1_0.code,
        af1_0.icon,
        af1_0.module_id,
        af1_0.name,
        af1_0.sort_order,
        af1_0.url 
    from
        app_function af1_0 
    where
        af1_0.code=?
Hibernate: 
    select
        af1_0.id,
        af1_0.code,
        af1_0.icon,
        af1_0.module_id,
        af1_0.name,
        af1_0.sort_order,
        af1_0.url 
    from
        app_function af1_0 
    where
        af1_0.code=?
Hibernate: 
    select
        af1_0.id,
        af1_0.code,
        af1_0.icon,
        af1_0.module_id,
        af1_0.name,
        af1_0.sort_order,
        af1_0.url 
    from
        app_function af1_0 
    where
        af1_0.code=?
Hibernate: 
    select
        af1_0.id,
        af1_0.code,
        af1_0.icon,
        af1_0.module_id,
        af1_0.name,
        af1_0.sort_order,
        af1_0.url 
    from
        app_function af1_0 
    where
        af1_0.code=?
Hibernate: 
    select
        af1_0.id,
        af1_0.code,
        af1_0.icon,
        af1_0.module_id,
        af1_0.name,
        af1_0.sort_order,
        af1_0.url 
    from
        app_function af1_0 
    where
        af1_0.code=?
Hibernate: 
    select
        af1_0.id,
        af1_0.code,
        af1_0.icon,
        af1_0.module_id,
        af1_0.name,
        af1_0.sort_order,
        af1_0.url 
    from
        app_function af1_0 
    where
        af1_0.code=?
Hibernate: 
    select
        af1_0.id,
        af1_0.code,
        af1_0.icon,
        af1_0.module_id,
        af1_0.name,
        af1_0.sort_order,
        af1_0.url 
    from
        app_function af1_0 
    where
        af1_0.code=?
Hibernate: 
    select
        af1_0.id,
        af1_0.code,
        af1_0.icon,
        af1_0.module_id,
        af1_0.name,
        af1_0.sort_order,
        af1_0.url 
    from
        app_function af1_0 
    where
        af1_0.code=?
Hibernate: 
    select
        af1_0.id,
        af1_0.code,
        af1_0.icon,
        af1_0.module_id,
        af1_0.name,
        af1_0.sort_order,
        af1_0.url 
    from
        app_function af1_0 
    where
        af1_0.code=?
Hibernate: 
    select
        af1_0.id,
        af1_0.code,
        af1_0.icon,
        af1_0.module_id,
        af1_0.name,
        af1_0.sort_order,
        af1_0.url 
    from
        app_function af1_0 
    where
        af1_0.code=?
Hibernate: 
    select
        r1_0.id,
        r1_0.code,
        r1_0.created_at,
        r1_0.created_by,
        r1_0.name,
        r1_0.updated_at,
        r1_0.updated_by 
    from
        app_role r1_0 
    where
        r1_0.code=?
Hibernate: 
    select
        rp1_0.role_id,
        rp1_0.id,
        rp1_0.action_mask,
        rp1_0.function_id,
        f1_0.id,
        f1_0.code,
        f1_0.icon,
        f1_0.module_id,
        f1_0.name,
        f1_0.sort_order,
        f1_0.url 
    from
        app_role_permission rp1_0 
    left join
        app_function f1_0 
            on f1_0.id=rp1_0.function_id 
    where
        rp1_0.role_id=?
Hibernate: 
    select
        r1_0.id,
        r1_0.code,
        r1_0.created_at,
        r1_0.created_by,
        r1_0.name,
        r1_0.updated_at,
        r1_0.updated_by 
    from
        app_role r1_0 
    where
        r1_0.code=?
Hibernate: 
    select
        rp1_0.role_id,
        rp1_0.id,
        rp1_0.action_mask,
        rp1_0.function_id,
        f1_0.id,
        f1_0.code,
        f1_0.icon,
        f1_0.module_id,
        f1_0.name,
        f1_0.sort_order,
        f1_0.url 
    from
        app_role_permission rp1_0 
    left join
        app_function f1_0 
            on f1_0.id=rp1_0.function_id 
    where
        rp1_0.role_id=?
Hibernate: 
    select
        r1_0.id,
        r1_0.code,
        r1_0.created_at,
        r1_0.created_by,
        r1_0.name,
        r1_0.updated_at,
        r1_0.updated_by 
    from
        app_role r1_0 
    where
        r1_0.code=?
Hibernate: 
    select
        rp1_0.role_id,
        rp1_0.id,
        rp1_0.action_mask,
        rp1_0.function_id,
        f1_0.id,
        f1_0.code,
        f1_0.icon,
        f1_0.module_id,
        f1_0.name,
        f1_0.sort_order,
        f1_0.url 
    from
        app_role_permission rp1_0 
    left join
        app_function f1_0 
            on f1_0.id=rp1_0.function_id 
    where
        rp1_0.role_id=?
Hibernate: 
    select
        r1_0.id,
        r1_0.code,
        r1_0.created_at,
        r1_0.created_by,
        r1_0.name,
        r1_0.updated_at,
        r1_0.updated_by 
    from
        app_role r1_0 
    where
        r1_0.code=?
Hibernate: 
    select
        rp1_0.role_id,
        rp1_0.id,
        rp1_0.action_mask,
        rp1_0.function_id,
        f1_0.id,
        f1_0.code,
        f1_0.icon,
        f1_0.module_id,
        f1_0.name,
        f1_0.sort_order,
        f1_0.url 
    from
        app_role_permission rp1_0 
    left join
        app_function f1_0 
            on f1_0.id=rp1_0.function_id 
    where
        rp1_0.role_id=?
Hibernate: 
    select
        h1_0.id,
        h1_0.address,
        h1_0.city,
        h1_0.country,
        h1_0.created_at,
        h1_0.created_by,
        h1_0.description,
        h1_0.main_image,
        h1_0.name,
        h1_0.star_rating,
        h1_0.status,
        h1_0.updated_at,
        h1_0.updated_by 
    from
        hotels h1_0
Hibernate: 
    select
        rt1_0.id,
        rt1_0.base_price,
        rt1_0.code,
        rt1_0.created_at,
        rt1_0.created_by,
        rt1_0.description_en,
        rt1_0.description_vi,
        rt1_0.hotel_id,
        rt1_0.max_guest,
        rt1_0.name_en,
        rt1_0.name_vi,
        rt1_0.updated_at,
        rt1_0.updated_by 
    from
        room_types rt1_0
Hibernate: 
    select
        rt1_0.id,
        rt1_0.base_price,
        rt1_0.code,
        rt1_0.created_at,
        rt1_0.created_by,
        rt1_0.description_en,
        rt1_0.description_vi,
        rt1_0.hotel_id,
        rt1_0.max_guest,
        rt1_0.name_en,
        rt1_0.name_vi,
        rt1_0.updated_at,
        rt1_0.updated_by 
    from
        room_types rt1_0 
    left join
        hotels h1_0 
            on h1_0.id=rt1_0.hotel_id 
    where
        h1_0.id=?
Hibernate: 
    select
        r1_0.id,
        r1_0.created_at,
        r1_0.created_by,
        r1_0.description_en,
        r1_0.description_vi,
        r1_0.floor,
        r1_0.room_number,
        r1_0.room_type_id,
        r1_0.status,
        r1_0.updated_at,
        r1_0.updated_by 
    from
        rooms r1_0 
    left join
        room_types rt1_0 
            on rt1_0.id=r1_0.room_type_id 
    where
        rt1_0.id=?
Hibernate: 
    select
        r1_0.id,
        r1_0.created_at,
        r1_0.created_by,
        r1_0.description_en,
        r1_0.description_vi,
        r1_0.floor,
        r1_0.room_number,
        r1_0.room_type_id,
        r1_0.status,
        r1_0.updated_at,
        r1_0.updated_by 
    from
        rooms r1_0 
    left join
        room_types rt1_0 
            on rt1_0.id=r1_0.room_type_id 
    where
        rt1_0.id=?
Hibernate: 
    select
        r1_0.id,
        r1_0.created_at,
        r1_0.created_by,
        r1_0.description_en,
        r1_0.description_vi,
        r1_0.floor,
        r1_0.room_number,
        r1_0.room_type_id,
        r1_0.status,
        r1_0.updated_at,
        r1_0.updated_by 
    from
        rooms r1_0 
    left join
        room_types rt1_0 
            on rt1_0.id=r1_0.room_type_id 
    where
        rt1_0.id=?
Hibernate: 
    select
        af1_0.id,
        af1_0.code,
        af1_0.icon,
        af1_0.module_id,
        af1_0.name,
        af1_0.sort_order,
        af1_0.url 
    from
        app_function af1_0
Hibernate: 
    select
        rp1_0.id,
        rp1_0.action_mask,
        rp1_0.function_id,
        rp1_0.role_id 
    from
        app_role_permission rp1_0 
    left join
        app_role r1_0 
            on r1_0.id=rp1_0.role_id 
    left join
        app_function f1_0 
            on f1_0.id=rp1_0.function_id 
    where
        r1_0.id=? 
        and f1_0.id=?
Hibernate: 
    select
        rp1_0.id,
        rp1_0.action_mask,
        rp1_0.function_id,
        rp1_0.role_id 
    from
        app_role_permission rp1_0 
    left join
        app_role r1_0 
            on r1_0.id=rp1_0.role_id 
    left join
        app_function f1_0 
            on f1_0.id=rp1_0.function_id 
    where
        r1_0.id=? 
        and f1_0.id=?
Hibernate: 
    select
        rp1_0.id,
        rp1_0.action_mask,
        rp1_0.function_id,
        rp1_0.role_id 
    from
        app_role_permission rp1_0 
    left join
        app_role r1_0 
            on r1_0.id=rp1_0.role_id 
    left join
        app_function f1_0 
            on f1_0.id=rp1_0.function_id 
    where
        r1_0.id=? 
        and f1_0.id=?
Hibernate: 
    select
        rp1_0.id,
        rp1_0.action_mask,
        rp1_0.function_id,
        rp1_0.role_id 
    from
        app_role_permission rp1_0 
    left join
        app_role r1_0 
            on r1_0.id=rp1_0.role_id 
    left join
        app_function f1_0 
            on f1_0.id=rp1_0.function_id 
    where
        r1_0.id=? 
        and f1_0.id=?
Hibernate: 
    select
        rp1_0.id,
        rp1_0.action_mask,
        rp1_0.function_id,
        rp1_0.role_id 
    from
        app_role_permission rp1_0 
    left join
        app_role r1_0 
            on r1_0.id=rp1_0.role_id 
    left join
        app_function f1_0 
            on f1_0.id=rp1_0.function_id 
    where
        r1_0.id=? 
        and f1_0.id=?
Hibernate: 
    select
        rp1_0.id,
        rp1_0.action_mask,
        rp1_0.function_id,
        rp1_0.role_id 
    from
        app_role_permission rp1_0 
    left join
        app_role r1_0 
            on r1_0.id=rp1_0.role_id 
    left join
        app_function f1_0 
            on f1_0.id=rp1_0.function_id 
    where
        r1_0.id=? 
        and f1_0.id=?
Hibernate: 
    select
        rp1_0.id,
        rp1_0.action_mask,
        rp1_0.function_id,
        rp1_0.role_id 
    from
        app_role_permission rp1_0 
    left join
        app_role r1_0 
            on r1_0.id=rp1_0.role_id 
    left join
        app_function f1_0 
            on f1_0.id=rp1_0.function_id 
    where
        r1_0.id=? 
        and f1_0.id=?
Hibernate: 
    select
        rp1_0.id,
        rp1_0.action_mask,
        rp1_0.function_id,
        rp1_0.role_id 
    from
        app_role_permission rp1_0 
    left join
        app_role r1_0 
            on r1_0.id=rp1_0.role_id 
    left join
        app_function f1_0 
            on f1_0.id=rp1_0.function_id 
    where
        r1_0.id=? 
        and f1_0.id=?
Hibernate: 
    select
        rp1_0.id,
        rp1_0.action_mask,
        rp1_0.function_id,
        rp1_0.role_id 
    from
        app_role_permission rp1_0 
    left join
        app_role r1_0 
            on r1_0.id=rp1_0.role_id 
    left join
        app_function f1_0 
            on f1_0.id=rp1_0.function_id 
    where
        r1_0.id=? 
        and f1_0.id=?
Hibernate: 
    select
        rp1_0.id,
        rp1_0.action_mask,
        rp1_0.function_id,
        rp1_0.role_id 
    from
        app_role_permission rp1_0 
    left join
        app_role r1_0 
            on r1_0.id=rp1_0.role_id 
    left join
        app_function f1_0 
            on f1_0.id=rp1_0.function_id 
    where
        r1_0.id=? 
        and f1_0.id=?
Hibernate: 
    select
        rp1_0.id,
        rp1_0.action_mask,
        rp1_0.function_id,
        rp1_0.role_id 
    from
        app_role_permission rp1_0 
    left join
        app_role r1_0 
            on r1_0.id=rp1_0.role_id 
    left join
        app_function f1_0 
            on f1_0.id=rp1_0.function_id 
    where
        r1_0.id=? 
        and f1_0.id=?
Hibernate: 
    select
        rp1_0.id,
        rp1_0.action_mask,
        rp1_0.function_id,
        rp1_0.role_id 
    from
        app_role_permission rp1_0 
    left join
        app_role r1_0 
            on r1_0.id=rp1_0.role_id 
    left join
        app_function f1_0 
            on f1_0.id=rp1_0.function_id 
    where
        r1_0.id=? 
        and f1_0.id=?
Hibernate: 
    select
        u1_0.id,
        u1_0.avatar_url,
        u1_0.created_at,
        u1_0.created_by,
        u1_0.email,
        u1_0.full_name,
        u1_0.hotel_id,
        u1_0.password_hash,
        u1_0.phone,
        u1_0.status,
        u1_0.updated_at,
        u1_0.updated_by,
        u1_0.username 
    from
        users u1_0 
    where
        u1_0.username=?
Hibernate: 
    select
        r1_0.user_id,
        r1_1.id,
        r1_1.code,
        r1_1.created_at,
        r1_1.created_by,
        r1_1.name,
        rp1_0.role_id,
        rp1_0.id,
        rp1_0.action_mask,
        rp1_0.function_id,
        f1_0.id,
        f1_0.code,
        f1_0.icon,
        f1_0.module_id,
        f1_0.name,
        f1_0.sort_order,
        f1_0.url,
        r1_1.updated_at,
        r1_1.updated_by 
    from
        app_user_role r1_0 
    join
        app_role r1_1 
            on r1_1.id=r1_0.role_id 
    left join
        app_role_permission rp1_0 
            on r1_1.id=rp1_0.role_id 
    left join
        app_function f1_0 
            on f1_0.id=rp1_0.function_id 
    where
        r1_0.user_id=?
2026-07-08T03:13:59.131+07:00  INFO 1920 --- [backend] [nio-8080-exec-1] o.a.c.c.C.[Tomcat].[localhost].[/]       : Initializing Spring DispatcherServlet 'dispatcherServlet'
2026-07-08T03:13:59.132+07:00  INFO 1920 --- [backend] [nio-8080-exec-1] o.s.web.servlet.DispatcherServlet        : Initializing Servlet 'dispatcherServlet'
2026-07-08T03:13:59.137+07:00  INFO 1920 --- [backend] [nio-8080-exec-1] o.s.web.servlet.DispatcherServlet        : Completed initialization in 5 ms
Hibernate: 
    select
        h1_0.id,
        h1_0.address,
        h1_0.city,
        h1_0.country,
        h1_0.created_at,
        h1_0.created_by,
        h1_0.description,
        h1_0.main_image,
        h1_0.name,
        h1_0.star_rating,
        h1_0.status,
        h1_0.updated_at,
        h1_0.updated_by 
    from
        hotels h1_0 
    where
        h1_0.status=?
Hibernate: 
    select
        rt1_0.id,
        rt1_0.base_price,
        rt1_0.code,
        rt1_0.created_at,
        rt1_0.created_by,
        rt1_0.description_en,
        rt1_0.description_vi,
        rt1_0.hotel_id,
        rt1_0.max_guest,
        rt1_0.name_en,
        rt1_0.name_vi,
        rt1_0.updated_at,
        rt1_0.updated_by 
    from
        room_types rt1_0 
    left join
        hotels h1_0 
            on h1_0.id=rt1_0.hotel_id 
    where
        h1_0.id=?
Hibernate: 
    select
        r1_0.id,
        r1_0.created_at,
        r1_0.created_by,
        r1_0.description_en,
        r1_0.description_vi,
        r1_0.floor,
        r1_0.room_number,
        r1_0.room_type_id,
        r1_0.status,
        r1_0.updated_at,
        r1_0.updated_by 
    from
        rooms r1_0 
    where
        r1_0.room_type_id=? 
        and r1_0.status not in (?) 
        and r1_0.id not in (select
            r2_0.room_id 
        from
            reservations r2_0 
        join
            rooms r3_0 
                on r3_0.id=r2_0.room_id 
        where
            r3_0.room_type_id=? 
            and r2_0.status not in (?, ?, ?) 
            and r2_0.check_in_date<? 
            and r2_0.check_out_date>?) 
    order by
        r1_0.id
Hibernate: 
    select
        r1_0.id,
        r1_0.created_at,
        r1_0.created_by,
        r1_0.description_en,
        r1_0.description_vi,
        r1_0.floor,
        r1_0.room_number,
        r1_0.room_type_id,
        r1_0.status,
        r1_0.updated_at,
        r1_0.updated_by 
    from
        rooms r1_0 
    where
        r1_0.room_type_id=? 
        and r1_0.status not in (?) 
        and r1_0.id not in (select
            r2_0.room_id 
        from
            reservations r2_0 
        join
            rooms r3_0 
                on r3_0.id=r2_0.room_id 
        where
            r3_0.room_type_id=? 
            and r2_0.status not in (?, ?, ?) 
            and r2_0.check_in_date<? 
            and r2_0.check_out_date>?) 
    order by
        r1_0.id
Hibernate: 
    select
        r1_0.id,
        r1_0.created_at,
        r1_0.created_by,
        r1_0.description_en,
        r1_0.description_vi,
        r1_0.floor,
        r1_0.room_number,
        r1_0.room_type_id,
        r1_0.status,
        r1_0.updated_at,
        r1_0.updated_by 
    from
        rooms r1_0 
    where
        r1_0.room_type_id=? 
        and r1_0.status not in (?) 
        and r1_0.id not in (select
            r2_0.room_id 
        from
            reservations r2_0 
        join
            rooms r3_0 
                on r3_0.id=r2_0.room_id 
        where
            r3_0.room_type_id=? 
            and r2_0.status not in (?, ?, ?) 
            and r2_0.check_in_date<? 
            and r2_0.check_out_date>?) 
    order by
        r1_0.id
Hibernate: 
    select
        rt1_0.id,
        rt1_0.base_price,
        rt1_0.code,
        rt1_0.created_at,
        rt1_0.created_by,
        rt1_0.description_en,
        rt1_0.description_vi,
        rt1_0.hotel_id,
        rt1_0.max_guest,
        rt1_0.name_en,
        rt1_0.name_vi,
        rt1_0.updated_at,
        rt1_0.updated_by 
    from
        room_types rt1_0 
    left join
        hotels h1_0 
            on h1_0.id=rt1_0.hotel_id 
    where
        h1_0.id=?
Hibernate: 
    select
        r1_0.id,
        r1_0.created_at,
        r1_0.created_by,
        r1_0.description_en,
        r1_0.description_vi,
        r1_0.floor,
        r1_0.room_number,
        r1_0.room_type_id,
        r1_0.status,
        r1_0.updated_at,
        r1_0.updated_by 
    from
        rooms r1_0 
    where
        r1_0.room_type_id=? 
        and r1_0.status not in (?) 
        and r1_0.id not in (select
            r2_0.room_id 
        from
            reservations r2_0 
        join
            rooms r3_0 
                on r3_0.id=r2_0.room_id 
        where
            r3_0.room_type_id=? 
            and r2_0.status not in (?, ?, ?) 
            and r2_0.check_in_date<? 
            and r2_0.check_out_date>?) 
    order by
        r1_0.id
Hibernate: 
    select
        r1_0.id,
        r1_0.created_at,
        r1_0.created_by,
        r1_0.description_en,
        r1_0.description_vi,
        r1_0.floor,
        r1_0.room_number,
        r1_0.room_type_id,
        r1_0.status,
        r1_0.updated_at,
        r1_0.updated_by 
    from
        rooms r1_0 
    where
        r1_0.room_type_id=? 
        and r1_0.status not in (?) 
        and r1_0.id not in (select
            r2_0.room_id 
        from
            reservations r2_0 
        join
            rooms r3_0 
                on r3_0.id=r2_0.room_id 
        where
            r3_0.room_type_id=? 
            and r2_0.status not in (?, ?, ?) 
            and r2_0.check_in_date<? 
            and r2_0.check_out_date>?) 
    order by
        r1_0.id
Hibernate: 
    select
        r1_0.id,
        r1_0.created_at,
        r1_0.created_by,
        r1_0.description_en,
        r1_0.description_vi,
        r1_0.floor,
        r1_0.room_number,
        r1_0.room_type_id,
        r1_0.status,
        r1_0.updated_at,
        r1_0.updated_by 
    from
        rooms r1_0 
    where
        r1_0.room_type_id=? 
        and r1_0.status not in (?) 
        and r1_0.id not in (select
            r2_0.room_id 
        from
            reservations r2_0 
        join
            rooms r3_0 
                on r3_0.id=r2_0.room_id 
        where
            r3_0.room_type_id=? 
            and r2_0.status not in (?, ?, ?) 
            and r2_0.check_in_date<? 
            and r2_0.check_out_date>?) 
    order by
        r1_0.id
Hibernate: 
    select
        rt1_0.id,
        rt1_0.base_price,
        rt1_0.code,
        rt1_0.created_at,
        rt1_0.created_by,
        rt1_0.description_en,
        rt1_0.description_vi,
        rt1_0.hotel_id,
        rt1_0.max_guest,
        rt1_0.name_en,
        rt1_0.name_vi,
        rt1_0.updated_at,
        rt1_0.updated_by 
    from
        room_types rt1_0 
    left join
        hotels h1_0 
            on h1_0.id=rt1_0.hotel_id 
    where
        h1_0.id=?
