[INFO] Scanning for projects...
[INFO] 
[INFO] -------------------------< com.hotel:backend >--------------------------
[INFO] Building backend 0.0.1-SNAPSHOT
[INFO]   from pom.xml
[INFO] --------------------------------[ jar ]---------------------------------
[INFO] 
[INFO] >>> spring-boot:3.2.5:run (default-cli) > test-compile @ backend >>>
[INFO] 
[INFO] --- resources:3.3.1:resources (default-resources) @ backend ---
[INFO] Copying 2 resources from src\main\resources to target\classes
[INFO] Copying 12 resources from src\main\resources to target\classes
[INFO] 
[INFO] --- compiler:3.11.0:compile (default-compile) @ backend ---
[INFO] Nothing to compile - all classes are up to date
[INFO] 
[INFO] --- resources:3.3.1:testResources (default-testResources) @ backend ---
[INFO] Copying 1 resource from src\test\resources to target\test-classes
[INFO] 
[INFO] --- compiler:3.11.0:testCompile (default-testCompile) @ backend ---
[INFO] Nothing to compile - all classes are up to date
[INFO] 
[INFO] <<< spring-boot:3.2.5:run (default-cli) < test-compile @ backend <<<
[INFO] 
[INFO] 
[INFO] --- spring-boot:3.2.5:run (default-cli) @ backend ---
[INFO] Attaching agents: []

  .   ____          _            __ _ _
 /\\ / ___'_ __ _ _(_)_ __  __ _ \ \ \ \
( ( )\___ | '_ | '_| | '_ \/ _` | \ \ \ \
 \\/  ___)| |_)| | | | | || (_| |  ) ) ) )
  '  |____| .__|_| |_|_| |_\__, | / / / /
 =========|_|==============|___/=/_/_/_/
 :: Spring Boot ::                (v3.2.5)

2026-07-19T20:06:50.392+07:00  INFO 5320 --- [backend] [           main] com.hotel.BackendApplication             : Starting BackendApplication using Java 21.0.11 with PID 5320 (C:\Users\ngovo\OneDrive\Máy tính\DoAn\He-thong-quan-ly-khach-san\backend\target\classes started by ngovo in C:\Users\ngovo\OneDrive\Máy tính\DoAn\He-thong-quan-ly-khach-san\backend)
2026-07-19T20:06:50.414+07:00  INFO 5320 --- [backend] [           main] com.hotel.BackendApplication             : No active profile set, falling back to 1 default profile: "default"
2026-07-19T20:07:29.000+07:00  INFO 5320 --- [backend] [           main] .s.d.r.c.RepositoryConfigurationDelegate : Bootstrapping Spring Data JPA repositories in DEFAULT mode.
2026-07-19T20:07:31.766+07:00  INFO 5320 --- [backend] [           main] .s.d.r.c.RepositoryConfigurationDelegate : Finished Spring Data repository scanning in 2652 ms. Found 36 JPA repository interfaces.
2026-07-19T20:08:06.016+07:00  INFO 5320 --- [backend] [           main] o.s.b.w.embedded.tomcat.TomcatWebServer  : Tomcat initialized with port 8080 (http)
2026-07-19T20:08:06.913+07:00  INFO 5320 --- [backend] [           main] o.apache.catalina.core.StandardService   : Starting service [Tomcat]
2026-07-19T20:08:06.915+07:00  INFO 5320 --- [backend] [           main] o.apache.catalina.core.StandardEngine    : Starting Servlet engine: [Apache Tomcat/10.1.20]
2026-07-19T20:08:10.919+07:00  INFO 5320 --- [backend] [           main] o.a.c.c.C.[Tomcat].[localhost].[/]       : Initializing Spring embedded WebApplicationContext
2026-07-19T20:08:11.015+07:00  INFO 5320 --- [backend] [           main] w.s.c.ServletWebServerApplicationContext : Root WebApplicationContext: initialization completed in 77519 ms
2026-07-19T20:08:24.968+07:00  INFO 5320 --- [backend] [           main] com.zaxxer.hikari.HikariDataSource       : HikariPool-1 - Starting...
2026-07-19T20:08:46.161+07:00  INFO 5320 --- [backend] [           main] com.zaxxer.hikari.pool.HikariPool        : HikariPool-1 - Added connection ConnectionID:1 ClientConnectionId: f663ce04-1201-4daa-99da-a8852d97101b
2026-07-19T20:08:46.181+07:00  INFO 5320 --- [backend] [           main] com.zaxxer.hikari.HikariDataSource       : HikariPool-1 - Start completed.
2026-07-19T20:08:51.231+07:00  INFO 5320 --- [backend] [           main] o.f.c.internal.license.VersionPrinter    : Flyway Community Edition 9.22.3 by Redgate
2026-07-19T20:08:51.234+07:00  INFO 5320 --- [backend] [           main] o.f.c.internal.license.VersionPrinter    : See release notes here: https://rd.gt/416ObMi
2026-07-19T20:08:51.234+07:00  INFO 5320 --- [backend] [           main] o.f.c.internal.license.VersionPrinter    : 
2026-07-19T20:08:51.737+07:00  INFO 5320 --- [backend] [           main] org.flywaydb.core.FlywayExecutor         : Database: jdbc:sqlserver://127.0.0.1:1433;connectRetryInterval=10;connectRetryCount=1;maxResultBuffer=-1;sendTemporalDataTypesAsStringForBulkCopy=true;delayLoadingLobs=true;useFmtOnly=false;useBulkCopyForBatchInsert=false;cancelQueryTimeout=-1;sslProtocol=TLS;jaasConfigurationName=SQLJDBCDriver;statementPoolingCacheSize=0;serverPreparedStatementDiscardThreshold=10;enablePrepareOnFirstPreparedStatementCall=false;fips=false;socketTimeout=0;authentication=NotSpecified;authenticationScheme=nativeAuthentication;xopenStates=false;datetimeParameterType=datetime2;sendTimeAsDatetime=true;replication=false;trustStoreType=JKS;trustServerCertificate=true;TransparentNetworkIPResolution=true;iPAddressPreference=IPv4First;serverNameAsACE=false;sendStringParametersAsUnicode=true;selectMethod=direct;responseBuffering=adaptive;queryTimeout=-1;packetSize=8000;multiSubnetFailover=false;loginTimeout=30;lockTimeout=-1;lastUpdateCount=true;prepareMethod=prepexec;encrypt=true;disableStatementPooling=true;databaseName=HotelDB;columnEncryptionSetting=Disabled;applicationName=Microsoft JDBC Driver for SQL Server;applicationIntent=readwrite; (Microsoft SQL Server 17.0)
2026-07-19T20:09:01.225+07:00  WARN 5320 --- [backend] [           main] o.f.c.internal.database.base.Database    : Flyway upgrade recommended: SQL Server 17.0 is newer than this version of Flyway and support has not been tested. The latest supported version of SQL Server is 16.0.
2026-07-19T20:09:22.338+07:00  INFO 5320 --- [backend] [           main] o.f.core.internal.command.DbValidate     : Successfully validated 11 migrations (execution time 00:03.509s)
2026-07-19T20:09:22.733+07:00  INFO 5320 --- [backend] [           main] o.f.core.internal.command.DbMigrate      : Current version of schema [dbo]: 10
2026-07-19T20:09:22.939+07:00  INFO 5320 --- [backend] [           main] o.f.core.internal.command.DbMigrate      : Schema [dbo] is up to date. No migration necessary.
2026-07-19T20:09:24.932+07:00  INFO 5320 --- [backend] [           main] o.hibernate.jpa.internal.util.LogHelper  : HHH000204: Processing PersistenceUnitInfo [name: default]
2026-07-19T20:09:27.807+07:00  INFO 5320 --- [backend] [           main] org.hibernate.Version                    : HHH000412: Hibernate ORM core version 6.4.4.Final
2026-07-19T20:09:28.540+07:00  INFO 5320 --- [backend] [           main] o.h.c.internal.RegionFactoryInitiator    : HHH000026: Second-level cache disabled
2026-07-19T20:09:35.697+07:00  INFO 5320 --- [backend] [           main] o.s.o.j.p.SpringPersistenceUnitInfo      : No LoadTimeWeaver setup: ignoring JPA class transformer
2026-07-19T20:10:19.468+07:00  INFO 5320 --- [backend] [           main] o.h.e.t.j.p.i.JtaPlatformInitiator       : HHH000489: No JTA platform available (set 'hibernate.transaction.jta.platform' to enable JTA platform integration)
2026-07-19T20:10:27.792+07:00  INFO 5320 --- [backend] [           main] j.LocalContainerEntityManagerFactoryBean : Initialized JPA EntityManagerFactory for persistence unit 'default'
2026-07-19T20:10:38.803+07:00  INFO 5320 --- [backend] [           main] o.s.d.j.r.query.QueryEnhancerFactory     : Hibernate is in classpath; If applicable, HQL parser will be used.
2026-07-19T20:11:39.005+07:00  WARN 5320 --- [backend] [           main] JpaBaseConfiguration$JpaWebConfiguration : spring.jpa.open-in-view is enabled by default. Therefore, database queries may be performed during view rendering. Explicitly configure spring.jpa.open-in-view to disable this warning
2026-07-19T20:11:46.254+07:00  INFO 5320 --- [backend] [           main] o.s.s.web.DefaultSecurityFilterChain     : Will secure any request with [org.springframework.security.web.session.DisableEncodeUrlFilter@2c58a2ce, org.springframework.security.web.context.request.async.WebAsyncManagerIntegrationFilter@2596a640, org.springframework.security.web.context.SecurityContextHolderFilter@79f9d0bc, org.springframework.security.web.header.HeaderWriterFilter@6fed59ae, org.springframework.web.filter.CorsFilter@7cee5f2f, org.springframework.security.web.authentication.logout.LogoutFilter@46241f9, com.hotel.security.JwtAuthFilter@7ad9ff43, org.springframework.security.web.savedrequest.RequestCacheAwareFilter@301576db, org.springframework.security.web.servletapi.SecurityContextHolderAwareRequestFilter@154e31a5, org.springframework.security.web.authentication.AnonymousAuthenticationFilter@342ca509, org.springframework.security.web.session.SessionManagementFilter@6afc4d00, org.springframework.security.web.access.ExceptionTranslationFilter@3daad86d, org.springframework.security.web.access.intercept.AuthorizationFilter@731dec3]
2026-07-19T20:11:54.074+07:00  INFO 5320 --- [backend] [           main] o.s.b.w.embedded.tomcat.TomcatWebServer  : Tomcat started on port 8080 (http) with context path ''
2026-07-19T20:11:54.234+07:00  INFO 5320 --- [backend] [           main] o.s.m.s.b.SimpleBrokerMessageHandler     : Starting...
2026-07-19T20:11:54.324+07:00  INFO 5320 --- [backend] [           main] o.s.m.s.b.SimpleBrokerMessageHandler     : BrokerAvailabilityEvent[available=true, SimpleBrokerMessageHandler [org.springframework.messaging.simp.broker.DefaultSubscriptionRegistry@4249978b]]
2026-07-19T20:11:54.326+07:00  INFO 5320 --- [backend] [           main] o.s.m.s.b.SimpleBrokerMessageHandler     : Started.
2026-07-19T20:11:54.474+07:00  INFO 5320 --- [backend] [           main] com.hotel.BackendApplication             : Started BackendApplication in 320.808 seconds (process running for 327.132)
2026-07-19T20:12:49.657+07:00  INFO 5320 --- [backend] [           main] c.hotel.services.LocationImportService   : LOCATION_IMPORT added=0 updated=0 skipped=6317 removed=0 errors=0 provinces=34 wards=6283
2026-07-19T20:12:53.211+07:00  INFO 5320 --- [backend] [MessageBroker-1] o.s.w.s.c.WebSocketMessageBrokerStats    : WebSocketSession[0 current WS(0)-HttpStream(0)-HttpPoll(0), 0 total, 0 closed abnormally (0 connect failure, 0 send limit, 0 transport error)], stompSubProtocol[processed CONNECT(0)-CONNECTED(0)-DISCONNECT(0)], stompBrokerRelay[null], inboundChannel[pool size = 0, active threads = 0, queued tasks = 0, completed tasks = 0], outboundChannel[pool size = 0, active threads = 0, queued tasks = 0, completed tasks = 0], sockJsScheduler[pool size = 2, active threads = 1, queued tasks = 1, completed tasks = 0]
2026-07-19T20:13:04.529+07:00  INFO 5320 --- [backend] [nio-8080-exec-3] o.a.c.c.C.[Tomcat].[localhost].[/]       : Initializing Spring DispatcherServlet 'dispatcherServlet'
2026-07-19T20:13:04.532+07:00  INFO 5320 --- [backend] [nio-8080-exec-3] o.s.web.servlet.DispatcherServlet        : Initializing Servlet 'dispatcherServlet'
2026-07-19T20:13:04.547+07:00  INFO 5320 --- [backend] [nio-8080-exec-3] o.s.web.servlet.DispatcherServlet        : Completed initialization in 10 ms
2026-07-19T20:14:30.014+07:00  WARN 5320 --- [backend] [nio-8080-exec-6] .w.s.m.s.DefaultHandlerExceptionResolver : Resolved [org.springframework.web.context.request.async.AsyncRequestNotUsableException: ServletOutputStream failed to write: java.io.IOException: An established connection was aborted by the software in your host machine]
2026-07-19T20:14:30.546+07:00  WARN 5320 --- [backend] [io-8080-exec-10] .w.s.m.s.DefaultHandlerExceptionResolver : Resolved [org.springframework.web.context.request.async.AsyncRequestNotUsableException: ServletOutputStream failed to write: java.io.IOException: An established connection was aborted by the software in your host machine]
2026-07-19T20:19:58.439+07:00  WARN 5320 --- [backend] [nio-8080-exec-8] .w.s.m.s.DefaultHandlerExceptionResolver : Resolved [org.springframework.web.context.request.async.AsyncRequestNotUsableException: ServletOutputStream failed to flush: java.io.IOException: An established connection was aborted by the software in your host machine]
2026-07-19T20:42:53.234+07:00  INFO 5320 --- [backend] [MessageBroker-1] o.s.w.s.c.WebSocketMessageBrokerStats    : WebSocketSession[0 current WS(0)-HttpStream(0)-HttpPoll(0), 0 total, 0 closed abnormally (0 connect failure, 0 send limit, 0 transport error)], stompSubProtocol[processed CONNECT(0)-CONNECTED(0)-DISCONNECT(0)], stompBrokerRelay[null], inboundChannel[pool size = 0, active threads = 0, queued tasks = 0, completed tasks = 0], outboundChannel[pool size = 0, active threads = 0, queued tasks = 0, completed tasks = 0], sockJsScheduler[pool size = 3, active threads = 1, queued tasks = 1, completed tasks = 1]
2026-07-19T21:12:53.241+07:00  INFO 5320 --- [backend] [MessageBroker-3] o.s.w.s.c.WebSocketMessageBrokerStats    : WebSocketSession[0 current WS(0)-HttpStream(0)-HttpPoll(0), 0 total, 0 closed abnormally (0 connect failure, 0 send limit, 0 transport error)], stompSubProtocol[processed CONNECT(0)-CONNECTED(0)-DISCONNECT(0)], stompBrokerRelay[null], inboundChannel[pool size = 0, active threads = 0, queued tasks = 0, completed tasks = 0], outboundChannel[pool size = 0, active threads = 0, queued tasks = 0, completed tasks = 0], sockJsScheduler[pool size = 4, active threads = 1, queued tasks = 1, completed tasks = 2]
2026-07-19T21:42:53.259+07:00  INFO 5320 --- [backend] [MessageBroker-1] o.s.w.s.c.WebSocketMessageBrokerStats    : WebSocketSession[0 current WS(0)-HttpStream(0)-HttpPoll(0), 0 total, 0 closed abnormally (0 connect failure, 0 send limit, 0 transport error)], stompSubProtocol[processed CONNECT(0)-CONNECTED(0)-DISCONNECT(0)], stompBrokerRelay[null], inboundChannel[pool size = 0, active threads = 0, queued tasks = 0, completed tasks = 0], outboundChannel[pool size = 0, active threads = 0, queued tasks = 0, completed tasks = 0], sockJsScheduler[pool size = 5, active threads = 1, queued tasks = 1, completed tasks = 3]
2026-07-19T22:12:53.267+07:00  INFO 5320 --- [backend] [MessageBroker-2] o.s.w.s.c.WebSocketMessageBrokerStats    : WebSocketSession[0 current WS(0)-HttpStream(0)-HttpPoll(0), 0 total, 0 closed abnormally (0 connect failure, 0 send limit, 0 transport error)], stompSubProtocol[processed CONNECT(0)-CONNECTED(0)-DISCONNECT(0)], stompBrokerRelay[null], inboundChannel[pool size = 0, active threads = 0, queued tasks = 0, completed tasks = 0], outboundChannel[pool size = 0, active threads = 0, queued tasks = 0, completed tasks = 0], sockJsScheduler[pool size = 6, active threads = 1, queued tasks = 1, completed tasks = 4]
2026-07-19T22:42:53.278+07:00  INFO 5320 --- [backend] [MessageBroker-5] o.s.w.s.c.WebSocketMessageBrokerStats    : WebSocketSession[0 current WS(0)-HttpStream(0)-HttpPoll(0), 0 total, 0 closed abnormally (0 connect failure, 0 send limit, 0 transport error)], stompSubProtocol[processed CONNECT(0)-CONNECTED(0)-DISCONNECT(0)], stompBrokerRelay[null], inboundChannel[pool size = 0, active threads = 0, queued tasks = 0, completed tasks = 0], outboundChannel[pool size = 0, active threads = 0, queued tasks = 0, completed tasks = 0], sockJsScheduler[pool size = 7, active threads = 1, queued tasks = 1, completed tasks = 5]
